2023-09-25T08:31:41: 
2023-09-25T08:31:41:    INFO  Server running on [http://192.168.0.199:8888].  
2023-09-25T08:31:41: 
2023-09-25T08:31:41:   Press Ctrl+C to stop the server
2023-09-25T08:31:41: 
2023-09-25T08:32:15: 
2023-09-25T08:32:15:    INFO  Server running on [http://192.168.0.199:8888].  
2023-09-25T08:32:15: 
2023-09-25T08:32:15:   Press Ctrl+C to stop the server
2023-09-25T08:32:15: 
2023-09-25T08:32:28: 
2023-09-25T08:32:28:    INFO  Server running on [http://192.168.0.199:8888].  
2023-09-25T08:32:28: 
2023-09-25T08:32:28:   Press Ctrl+C to stop the server
2023-09-25T08:32:28: 
2023-09-25T08:32:40: 
2023-09-25T08:32:40:    INFO  Server running on [http://192.168.0.199:8888].  
2023-09-25T08:32:40: 
2023-09-25T08:32:40:   Press Ctrl+C to stop the server
2023-09-25T08:32:40: 
2023-09-25T08:32:51: 
2023-09-25T08:32:51:    INFO  Server running on [http://192.168.0.199:8888].  
2023-09-25T08:32:51: 
2023-09-25T08:32:51:   Press Ctrl+C to stop the server
2023-09-25T08:32:51: 
2023-09-25T08:32:56: 
2023-09-25T08:32:56:    INFO  Server running on [http://192.168.0.199:8888].  
2023-09-25T08:32:56: 
2023-09-25T08:32:56:   Press Ctrl+C to stop the server
2023-09-25T08:32:56: 
2023-09-25T08:33:36: 
2023-09-25T08:33:36:    INFO  Server running on [http://192.168.0.199:8888].  
2023-09-25T08:33:36: 
2023-09-25T08:33:36:   Press Ctrl+C to stop the server
2023-09-25T08:33:36: 
2023-09-25T08:38:23: 
2023-09-25T08:38:23:    INFO  Server running on [http://192.168.0.199:8888].  
2023-09-25T08:38:23: 
2023-09-25T08:38:23:   Press Ctrl+C to stop the server
2023-09-25T08:38:23: 
2023-09-25T08:41:02: 
2023-09-25T08:41:02:    INFO  Server running on [http://192.168.0.199:8888].  
2023-09-25T08:41:02: 
2023-09-25T08:41:02:   Press Ctrl+C to stop the server
2023-09-25T08:41:02: 
2023-09-25T08:41:54:   2023-09-25 08:41:53 ................................................... ~ 1s
2023-09-25T08:41:55: 
2023-09-25T08:41:55:    INFO  Server running on [http://192.168.0.199:8888].  
2023-09-25T08:41:55: 
2023-09-25T08:41:55:   Press Ctrl+C to stop the server
2023-09-25T08:41:55: 
2023-09-25T08:51:51: 
2023-09-25T08:51:51:    INFO  Server running on [http://192.168.0.199:8888].  
2023-09-25T08:51:51: 
2023-09-25T08:51:51:   Press Ctrl+C to stop the server
2023-09-25T08:51:51: 
2023-09-25T08:51:53:   2023-09-25 08:51:52
2023-09-25T08:51:53:  /favicon.ico ......................................
2023-09-25T08:51:53:  ~ 0s
2023-09-25T08:53:04: 
2023-09-25T08:53:04:    INFO  Server running on [http://192.168.0.199:8888].  
2023-09-25T08:53:04: 
2023-09-25T08:53:04:   Press Ctrl+C to stop the server
2023-09-25T08:53:04: 
2023-09-25T08:53:25: 
2023-09-25T08:53:25:    INFO  Server running on [http://192.168.0.199:8888].  
2023-09-25T08:53:25: 
2023-09-25T08:53:25:   Press Ctrl+C to stop the server
2023-09-25T08:53:25: 
2023-09-25T08:55:15: 
2023-09-25T08:55:15:    INFO  Server running on [http://192.168.0.199:8888].  
2023-09-25T08:55:15: 
2023-09-25T08:55:15:   Press Ctrl+C to stop the server
2023-09-25T08:55:15: 
2023-09-25T08:55:59: 
2023-09-25T08:55:59:    INFO  Server running on [http://192.168.0.199:8888].  
2023-09-25T08:55:59: 
2023-09-25T08:55:59:   Press Ctrl+C to stop the server
2023-09-25T08:55:59: 
2023-09-25T08:56:35: 
2023-09-25T08:56:35:    INFO  Server running on [http://192.168.0.199:8888].  
2023-09-25T08:56:35: 
2023-09-25T08:56:35:   Press Ctrl+C to stop the server
2023-09-25T08:56:35: 
2023-09-25T08:57:13: 
2023-09-25T08:57:13:    INFO  Server running on [http://192.168.0.199:8888].  
2023-09-25T08:57:13: 
2023-09-25T08:57:13:   Press Ctrl+C to stop the server
2023-09-25T08:57:13: 
2023-09-25T08:57:18: 
2023-09-25T08:57:18:    INFO  Server running on [http://192.168.0.199:8888].  
2023-09-25T08:57:18: 
2023-09-25T08:57:18:   Press Ctrl+C to stop the server
2023-09-25T08:57:18: 
2023-09-25T08:57:19:   2023-09-25 08:57:18 ................................................... ~ 1s
2023-09-25T08:57:19:   2023-09-25 08:57:19 ................................................... ~ 0s
2023-09-25T08:57:19:   2023-09-25 08:57:19 ................................................... ~ 0s
2023-09-25T08:57:52: 
2023-09-25T08:57:52:    INFO  Server running on [http://192.168.0.199:8888].  
2023-09-25T08:57:52: 
2023-09-25T08:57:52:   Press Ctrl+C to stop the server
2023-09-25T08:57:52: 
2023-09-25T09:09:17: 
2023-09-25T09:09:17:    INFO  Server running on [http://192.168.0.199:8888].  
2023-09-25T09:09:17: 
2023-09-25T09:09:17:   Press Ctrl+C to stop the server
2023-09-25T09:09:17: 
2023-09-25T09:12:17: 
2023-09-25T09:12:17:    INFO  Server running on [http://192.168.0.199:8888].  
2023-09-25T09:12:17: 
2023-09-25T09:12:17:   Press Ctrl+C to stop the server
2023-09-25T09:12:17: 
2023-09-25T09:21:02: 
2023-09-25T09:21:02:    INFO  Server running on [http://192.168.0.199:8888].  
2023-09-25T09:21:02: 
2023-09-25T09:21:02:   Press Ctrl+C to stop the server
2023-09-25T09:21:02: 
2023-09-25T09:21:47: 
2023-09-25T09:21:47:    INFO  Server running on [http://192.168.0.199:8888].  
2023-09-25T09:21:47: 
2023-09-25T09:21:47:   Press Ctrl+C to stop the server
2023-09-25T09:21:47: 
2023-09-25T09:22:44: 
2023-09-25T09:22:44:    INFO  Server running on [http://192.168.0.199:8888].  
2023-09-25T09:22:44: 
2023-09-25T09:22:44:   Press Ctrl+C to stop the server
2023-09-25T09:22:44: 
2023-09-25T09:24:34: 
2023-09-25T09:24:34:    INFO  Server running on [http://192.168.0.199:8888].  
2023-09-25T09:24:34: 
2023-09-25T09:24:34:   Press Ctrl+C to stop the server
2023-09-25T09:24:34: 
2023-09-25T09:25:00: 
2023-09-25T09:25:00:    WARN  Failed to listen on 192.168.0.199:8888 (reason: Cannot assign requested address).  
2023-09-25T09:25:00: 
2023-09-25T09:31:37: 
2023-09-25T09:31:37:    INFO  Server running on [http://192.168.0.199:8888].  
2023-09-25T09:31:37: 
2023-09-25T09:31:37:   Press Ctrl+C to stop the server
2023-09-25T09:31:37: 
2023-09-25T09:32:02: 
2023-09-25T09:32:02:    INFO  Server running on [http://192.168.0.199:8888].  
2023-09-25T09:32:02: 
2023-09-25T09:32:02:   Press Ctrl+C to stop the server
2023-09-25T09:32:02: 
2023-09-25T09:32:06: 
2023-09-25T09:32:06:    INFO  Server running on [http://192.168.0.199:8888].  
2023-09-25T09:32:06: 
2023-09-25T09:32:06:   Press Ctrl+C to stop the server
2023-09-25T09:32:06: 
2023-09-25T09:32:11: 
2023-09-25T09:32:11:    INFO  Server running on [http://192.168.0.199:8888].  
2023-09-25T09:32:11: 
2023-09-25T09:32:11:   Press Ctrl+C to stop the server
2023-09-25T09:32:11: 
2023-09-25T09:32:20: 
2023-09-25T09:32:20:    INFO  Server running on [http://192.168.0.199:8888].  
2023-09-25T09:32:20: 
2023-09-25T09:32:20:   Press Ctrl+C to stop the server
2023-09-25T09:32:20: 
2023-09-25T09:32:44: 
2023-09-25T09:32:44:    INFO  Server running on [http://192.168.0.199:8888].  
2023-09-25T09:32:44: 
2023-09-25T09:32:44:   Press Ctrl+C to stop the server
2023-09-25T09:32:44: 
2023-09-25T09:33:27: 
2023-09-25T09:33:27:    INFO  Server running on [http://192.168.0.199:8888].  
2023-09-25T09:33:27: 
2023-09-25T09:33:27:   Press Ctrl+C to stop the server
2023-09-25T09:33:27: 
2023-09-25T09:33:40: 
2023-09-25T09:33:40:    INFO  Server running on [http://192.168.0.199:8888].  
2023-09-25T09:33:40: 
2023-09-25T09:33:40:   Press Ctrl+C to stop the server
2023-09-25T09:33:40: 
2023-09-25T09:33:41:   2023-09-25 09:33:41
2023-09-25T09:33:41:  ................................................... ~ 0s
2023-09-25T09:33:46: 
2023-09-25T09:33:46:    INFO  Server running on [http://192.168.0.199:8888].  
2023-09-25T09:33:46: 
2023-09-25T09:33:46:   Press Ctrl+C to stop the server
2023-09-25T09:33:46: 
2023-09-25T09:33:47:   2023-09-25 09:33:46
2023-09-25T09:33:47:  ................................................... ~ 1s
2023-09-25T09:33:48:   2023-09-25 09:33:48 ................................................... ~ 0s
2023-09-25T09:33:49: 
2023-09-25T09:33:49:    INFO  Server running on [http://192.168.0.199:8888].  
2023-09-25T09:33:49: 
2023-09-25T09:33:49:   Press Ctrl+C to stop the server
2023-09-25T09:33:49: 
2023-09-25T09:33:49:   2023-09-25 09:33:49
2023-09-25T09:33:49:  ...................................................
2023-09-25T09:33:49:  ~ 0s
2023-09-25T09:33:50:   2023-09-25 09:33:50
2023-09-25T09:33:50:  ................................................... ~ 0s
2023-09-25T09:33:54: 
2023-09-25T09:33:54:    INFO  Server running on [http://192.168.0.199:8888].  
2023-09-25T09:33:54: 
2023-09-25T09:33:54:   Press Ctrl+C to stop the server
2023-09-25T09:33:54: 
2023-09-25T09:33:55:   2023-09-25 09:33:54 ................................................... ~ 1s
2023-09-25T09:35:12: 
2023-09-25T09:35:12:    INFO  Server running on [http://192.168.0.199:8888].  
2023-09-25T09:35:12: 
2023-09-25T09:35:12:   Press Ctrl+C to stop the server
2023-09-25T09:35:12: 
2023-09-25T09:36:01: 
2023-09-25T09:36:01:    INFO  Server running on [http://192.168.0.199:8888].  
2023-09-25T09:36:01: 
2023-09-25T09:36:01:   Press Ctrl+C to stop the server
2023-09-25T09:36:01: 
2023-09-25T09:37:03: 
2023-09-25T09:37:03:    INFO  Server running on [http://192.168.0.199:8888].  
2023-09-25T09:37:03: 
2023-09-25T09:37:03:   Press Ctrl+C to stop the server
2023-09-25T09:37:03: 
2023-09-25T09:37:53: 
2023-09-25T09:37:53:    INFO  Server running on [http://192.168.0.199:8888].  
2023-09-25T09:37:53: 
2023-09-25T09:37:53:   Press Ctrl+C to stop the server
2023-09-25T09:37:53: 
2023-09-25T09:38:02: 
2023-09-25T09:38:02:    INFO  Server running on [http://192.168.0.199:8888].  
2023-09-25T09:38:02: 
2023-09-25T09:38:02:   Press Ctrl+C to stop the server
2023-09-25T09:38:02: 
2023-09-25T09:38:14: 
2023-09-25T09:38:14:    INFO  Server running on [http://192.168.0.199:8888].  
2023-09-25T09:38:14: 
2023-09-25T09:38:14:   Press Ctrl+C to stop the server
2023-09-25T09:38:14: 
2023-09-25T09:38:19: 
2023-09-25T09:38:19:    INFO  Server running on [http://192.168.0.199:8888].  
2023-09-25T09:38:19: 
2023-09-25T09:38:19:   Press Ctrl+C to stop the server
2023-09-25T09:38:19: 
2023-09-25T09:38:25: 
2023-09-25T09:38:25:    INFO  Server running on [http://192.168.0.199:8888].  
2023-09-25T09:38:25: 
2023-09-25T09:38:25:   Press Ctrl+C to stop the server
2023-09-25T09:38:25: 
2023-09-25T09:38:31: 
2023-09-25T09:38:31:    INFO  Server running on [http://192.168.0.199:8888].  
2023-09-25T09:38:31: 
2023-09-25T09:38:31:   Press Ctrl+C to stop the server
2023-09-25T09:38:31: 
2023-09-25T09:38:37: 
2023-09-25T09:38:37:    INFO  Server running on [http://192.168.0.199:8888].  
2023-09-25T09:38:37: 
2023-09-25T09:38:37:   Press Ctrl+C to stop the server
2023-09-25T09:38:37: 
2023-09-25T09:38:41: 
2023-09-25T09:38:41:    INFO  Server running on [http://192.168.0.199:8888].  
2023-09-25T09:38:41: 
2023-09-25T09:38:41:   Press Ctrl+C to stop the server
2023-09-25T09:38:41: 
2023-09-25T09:38:58: 
2023-09-25T09:38:58:    INFO  Server running on [http://192.168.0.199:8888].  
2023-09-25T09:38:58: 
2023-09-25T09:38:58:   Press Ctrl+C to stop the server
2023-09-25T09:38:58: 
2023-09-25T09:39:19: 
2023-09-25T09:39:19:    INFO  Server running on [http://192.168.0.199:8888].  
2023-09-25T09:39:19: 
2023-09-25T09:39:19:   Press Ctrl+C to stop the server
2023-09-25T09:39:19: 
2023-09-25T09:39:33: 
2023-09-25T09:39:33:    INFO  Server running on [http://192.168.0.199:8888].  
2023-09-25T09:39:33: 
2023-09-25T09:39:33:   Press Ctrl+C to stop the server
2023-09-25T09:39:33: 
2023-09-25T09:39:34:   2023-09-25 09:39:33
2023-09-25T09:39:34:  ................................................... ~ 1s
2023-09-25T09:39:34:  ................................................... ~ 0s
2023-09-25T09:39:34:   2023-09-25 09:39:34 ................................................... ~ 0s
2023-09-25T09:39:34:   2023-09-25 09:39:34 ................................................... ~ 0s
2023-09-25T09:39:42: 
2023-09-25T09:39:42:    INFO  Server running on [http://192.168.0.199:8888].  
2023-09-25T09:39:42: 
2023-09-25T09:39:42:   Press Ctrl+C to stop the server
2023-09-25T09:39:42: 
2023-09-25T09:39:44:   2023-09-25 09:39:44
2023-09-25T09:39:44:  ................................................... ~ 0s
2023-09-25T09:39:55:   2023-09-25 09:39:54 ................................................... ~ 0s
2023-09-25T09:39:55: 
2023-09-25T09:39:55:    INFO  Server running on [http://192.168.0.199:8888].  
2023-09-25T09:39:55: 
2023-09-25T09:39:55:   Press Ctrl+C to stop the server
2023-09-25T09:39:55: 
2023-09-25T09:40:07:   2023-09-25 09:40:07 ................................................... ~ 0s
2023-09-25T09:40:08: 
2023-09-25T09:40:08:    INFO  Server running on [http://192.168.0.199:8888].  
2023-09-25T09:40:08: 
2023-09-25T09:40:08:   Press Ctrl+C to stop the server
2023-09-25T09:40:08: 
2023-09-25T09:40:16: 
2023-09-25T09:40:16:    INFO  Server running on [http://192.168.0.199:8888].  
2023-09-25T09:40:16: 
2023-09-25T09:40:16:   Press Ctrl+C to stop the server
2023-09-25T09:40:16: 
2023-09-25T09:41:00: 
2023-09-25T09:41:00:    INFO  Server running on [http://192.168.0.199:8888].  
2023-09-25T09:41:00: 
2023-09-25T09:41:00:   Press Ctrl+C to stop the server
2023-09-25T09:41:00: 
2023-09-25T09:41:08: 
2023-09-25T09:41:08:    INFO  Server running on [http://192.168.0.199:8888].  
2023-09-25T09:41:08: 
2023-09-25T09:41:08:   Press Ctrl+C to stop the server
2023-09-25T09:41:08: 
2023-09-25T09:41:12: 
2023-09-25T09:41:12:    INFO  Server running on [http://192.168.0.199:8888].  
2023-09-25T09:41:12: 
2023-09-25T09:41:12:   Press Ctrl+C to stop the server
2023-09-25T09:41:12: 
2023-09-25T09:41:14:   2023-09-25 09:41:13
2023-09-25T09:41:14:  ................................................... ~ 1s
2023-09-25T09:41:14:   2023-09-25 09:41:14
2023-09-25T09:41:14:  ................................................... ~ 0s
2023-09-25T09:41:14:   2023-09-25 09:41:14
2023-09-25T09:41:14:  ...................................................
2023-09-25T09:41:14:  ~ 0s
2023-09-25T09:41:14:   2023-09-25 09:41:14 ................................................... ~ 0s
2023-09-25T09:41:17: 
2023-09-25T09:41:17:    INFO  Server running on [http://192.168.0.199:8888].  
2023-09-25T09:41:17: 
2023-09-25T09:41:17:   Press Ctrl+C to stop the server
2023-09-25T09:41:17: 
2023-09-25T09:41:22: 
2023-09-25T09:41:22:    INFO  Server running on [http://192.168.0.199:8888].  
2023-09-25T09:41:22: 
2023-09-25T09:41:22:   Press Ctrl+C to stop the server
2023-09-25T09:41:22: 
2023-09-25T09:41:23:   2023-09-25 09:41:22
2023-09-25T09:41:23:  ................................................... ~ 1s
2023-09-25T09:41:23:   2023-09-25 09:41:23 ................................................... ~ 0s
2023-09-25T09:41:23:  ................................................... ~ 0s
2023-09-25T09:41:24:   2023-09-25 09:41:24 ................................................... ~ 0s
2023-09-25T09:41:24:   2023-09-25 09:41:24 ................................................... ~ 0s
2023-09-25T09:41:24:   2023-09-25 09:41:24 ................................................... ~ 0s
2023-09-25T09:41:24:   2023-09-25 09:41:24 ................................................... ~ 0s
2023-09-25T09:41:32: 
2023-09-25T09:41:32:    INFO  Server running on [http://192.168.0.199:8888].  
2023-09-25T09:41:32: 
2023-09-25T09:41:32:   Press Ctrl+C to stop the server
2023-09-25T09:41:32: 
2023-09-25T09:41:32:   2023-09-25 09:41:32
2023-09-25T09:41:32:  ...................................................
2023-09-25T09:41:32:  ~ 0s
2023-09-25T09:41:32:   2023-09-25 09:41:32
2023-09-25T09:41:32:  ...................................................
2023-09-25T09:41:32:  ~ 0s
2023-09-25T09:41:32:  ................................................... ~ 0s
2023-09-25T09:41:38: 
2023-09-25T09:41:38:    INFO  Server running on [http://192.168.0.199:8888].  
2023-09-25T09:41:38: 
2023-09-25T09:41:38:   Press Ctrl+C to stop the server
2023-09-25T09:41:38: 
2023-09-25T09:41:39:   2023-09-25 09:41:38 ................................................... ~ 1s
2023-09-25T09:41:39:   2023-09-25 09:41:39 ................................................... ~ 0s
2023-09-25T09:41:39:   2023-09-25 09:41:39 ................................................... ~ 0s
2023-09-25T09:41:39:   2023-09-25 09:41:39 ................................................... ~ 0s
2023-09-25T09:42:51: 
2023-09-25T09:42:51:    INFO  Server running on [http://192.168.0.199:8888].  
2023-09-25T09:42:51: 
2023-09-25T09:42:51:   Press Ctrl+C to stop the server
2023-09-25T09:42:51: 
2023-09-25T09:44:25: 
2023-09-25T09:44:25:    INFO  Server running on [http://192.168.0.199:8888].  
2023-09-25T09:44:25: 
2023-09-25T09:44:25:   Press Ctrl+C to stop the server
2023-09-25T09:44:25: 
2023-09-25T09:44:33: 
2023-09-25T09:44:33:    INFO  Server running on [http://192.168.0.199:8888].  
2023-09-25T09:44:33: 
2023-09-25T09:44:33:   Press Ctrl+C to stop the server
2023-09-25T09:44:33: 
2023-09-25T09:44:34:   2023-09-25 09:44:33
2023-09-25T09:44:34:  ...................................................
2023-09-25T09:44:34:  ~ 1s
2023-09-25T09:44:34:   2023-09-25 09:44:34 ................................................... ~ 0s
2023-09-25T09:44:34:   2023-09-25 09:44:34 ................................................... ~ 0s
2023-09-25T09:47:35: 
2023-09-25T09:47:35:    INFO  Server running on [http://192.168.0.199:8888].  
2023-09-25T09:47:35: 
2023-09-25T09:47:35:   Press Ctrl+C to stop the server
2023-09-25T09:47:35: 
2023-09-25T09:48:02: 
2023-09-25T09:48:02:    INFO  Server running on [http://192.168.0.199:8888].  
2023-09-25T09:48:02: 
2023-09-25T09:48:02:   Press Ctrl+C to stop the server
2023-09-25T09:48:02: 
2023-09-25T09:48:41: 
2023-09-25T09:48:41:    INFO  Server running on [http://192.168.0.199:8888].  
2023-09-25T09:48:41: 
2023-09-25T09:48:41:   Press Ctrl+C to stop the server
2023-09-25T09:48:41: 
2023-09-25T09:48:58: 
2023-09-25T09:48:58:    INFO  Server running on [http://192.168.0.199:8888].  
2023-09-25T09:48:58: 
2023-09-25T09:48:58:   Press Ctrl+C to stop the server
2023-09-25T09:48:58: 
2023-09-25T09:50:26: 
2023-09-25T09:50:26:    INFO  Server running on [http://192.168.0.199:8888].  
2023-09-25T09:50:26: 
2023-09-25T09:50:26:   Press Ctrl+C to stop the server
2023-09-25T09:50:26: 
2023-09-25T09:50:30: 
2023-09-25T09:50:30:    INFO  Server running on [http://192.168.0.199:8888].  
2023-09-25T09:50:30: 
2023-09-25T09:50:30:   Press Ctrl+C to stop the server
2023-09-25T09:50:30: 
2023-09-25T09:58:38: 
2023-09-25T09:58:38:    INFO  Server running on [http://192.168.0.199:8888].  
2023-09-25T09:58:38: 
2023-09-25T09:58:38:   Press Ctrl+C to stop the server
2023-09-25T09:58:38: 
2023-09-25T09:58:44: 
2023-09-25T09:58:44:    INFO  Server running on [http://192.168.0.199:8888].  
2023-09-25T09:58:44: 
2023-09-25T09:58:44:   Press Ctrl+C to stop the server
2023-09-25T09:58:44: 
2023-09-25T10:04:54: 
2023-09-25T10:04:54:    INFO  Server running on [http://192.168.0.199:8888].  
2023-09-25T10:04:54: 
2023-09-25T10:04:54:   Press Ctrl+C to stop the server
2023-09-25T10:04:54: 
2023-09-25T10:05:00: 
2023-09-25T10:05:00:    INFO  Server running on [http://192.168.0.199:8888].  
2023-09-25T10:05:00: 
2023-09-25T10:05:00:   Press Ctrl+C to stop the server
2023-09-25T10:05:00: 
2023-09-25T10:07:07: 
2023-09-25T10:07:07:    INFO  Server running on [http://192.168.0.199:8888].  
2023-09-25T10:07:07: 
2023-09-25T10:07:07:   Press Ctrl+C to stop the server
2023-09-25T10:07:07: 
2023-09-25T10:07:07:   2023-09-25 10:07:06 ................................................... ~ 1s
2023-09-25T10:07:07:  ................................................... ~ 0s
2023-09-25T10:07:07:   2023-09-25 10:07:07 ................................................... ~ 0s
2023-09-25T10:08:38: 
2023-09-25T10:08:38:    INFO  Server running on [http://192.168.0.199:8888].  
2023-09-25T10:08:38: 
2023-09-25T10:08:38:   Press Ctrl+C to stop the server
2023-09-25T10:08:38: 
2023-09-25T10:08:38:   2023-09-25 10:08:38 ...................................................
2023-09-25T10:08:38:  ~ 0s
2023-09-25T10:08:38:   2023-09-25 10:08:38 ................................................... ~ 0s
2023-09-25T10:08:38:   2023-09-25 10:08:38 ................................................... ~ 0s
2023-09-25T10:08:57: 
2023-09-25T10:08:57:    INFO  Server running on [http://192.168.0.199:8888].  
2023-09-25T10:08:57: 
2023-09-25T10:08:57:   Press Ctrl+C to stop the server
2023-09-25T10:08:57: 
2023-09-25T10:10:32:   2023-09-25 10:10:31 ................................................... ~ 1s
2023-09-25T10:10:33: 
2023-09-25T10:10:33:    INFO  Server running on [http://192.168.0.199:8888].  
2023-09-25T10:10:33: 
2023-09-25T10:10:33:   Press Ctrl+C to stop the server
2023-09-25T10:10:33: 
2023-09-25T10:10:37: 
2023-09-25T10:10:37:    INFO  Server running on [http://192.168.0.199:8888].  
2023-09-25T10:10:37: 
2023-09-25T10:10:37:   Press Ctrl+C to stop the server
2023-09-25T10:10:37: 
2023-09-25T10:10:48: 
2023-09-25T10:10:48:    INFO  Server running on [http://192.168.0.199:8888].  
2023-09-25T10:10:48: 
2023-09-25T10:10:48:   Press Ctrl+C to stop the server
2023-09-25T10:10:48: 
2023-09-25T10:10:49:   2023-09-25 10:10:48 ................................................... ~ 1s
2023-09-25T10:10:49:  ................................................... ~ 0s
2023-09-25T10:10:49:  ~ 0s
2023-09-25T10:10:49:   2023-09-25 10:10:49 ................................................... ~ 0s
2023-09-25T10:10:58: 
2023-09-25T10:10:58:    INFO  Server running on [http://192.168.0.199:8888].  
2023-09-25T10:10:58: 
2023-09-25T10:10:58:   Press Ctrl+C to stop the server
2023-09-25T10:10:58: 
2023-09-25T10:11:00:   2023-09-25 10:11:00
2023-09-25T10:11:00:  ...................................................
2023-09-25T10:11:00:  ~ 0s
2023-09-25T10:11:00:  ...................................................
2023-09-25T10:11:00:  ~ 0s
2023-09-25T10:11:00:  ................................................... ~ 0s
2023-09-25T10:11:01: 
2023-09-25T10:11:01:    INFO  Server running on [http://192.168.0.199:8888].  
2023-09-25T10:11:01: 
2023-09-25T10:11:01:   Press Ctrl+C to stop the server
2023-09-25T10:11:01: 
2023-09-25T10:11:02:   2023-09-25 10:11:01 ................................................... ~ 0s
2023-09-25T10:11:04:   2023-09-25 10:11:03 ................................................... ~ 0s
2023-09-25T10:11:04:   2023-09-25 10:11:03 ................................................... ~ 0s
2023-09-25T10:11:04:  ~ 0s
2023-09-25T10:11:04:  ~ 0s
2023-09-25T10:11:05: 
2023-09-25T10:11:05:    INFO  Server running on [http://192.168.0.199:8888].  
2023-09-25T10:11:05: 
2023-09-25T10:11:05:   Press Ctrl+C to stop the server
2023-09-25T10:11:05: 
2023-09-25T10:13:12: 
2023-09-25T10:13:12:    INFO  Server running on [http://192.168.0.199:8888].  
2023-09-25T10:13:12: 
2023-09-25T10:13:12:   Press Ctrl+C to stop the server
2023-09-25T10:13:12: 
2023-09-25T10:13:53:    WARN  64.62.197.80:28201 Invalid request (Unsupported SSL request).  
2023-09-25T10:13:53: 
2023-09-25T10:13:53:  ................................................... ~ 0s
2023-09-25T10:13:54: 
2023-09-25T10:13:54:    INFO  Server running on [http://192.168.0.199:8888].  
2023-09-25T10:13:54: 
2023-09-25T10:13:54:   Press Ctrl+C to stop the server
2023-09-25T10:13:54: 
2023-09-25T10:13:58:    WARN  64.62.197.91:13745 Invalid request (Unsupported SSL request).  
2023-09-25T10:13:58: 
2023-09-25T10:13:58:  ................................................... ~ 0s
2023-09-25T10:13:59: 
2023-09-25T10:13:59:    INFO  Server running on [http://192.168.0.199:8888].  
2023-09-25T10:13:59: 
2023-09-25T10:13:59:   Press Ctrl+C to stop the server
2023-09-25T10:13:59: 
2023-09-25T10:14:00:   2023-09-25 10:13:59 ................................................... ~ 0s
2023-09-25T10:14:00:   2023-09-25 10:14:00 ................................................... ~ 0s
2023-09-25T10:14:00:   2023-09-25 10:14:00 ................................................... ~ 0s
2023-09-25T10:14:00:   2023-09-25 10:14:00 ................................................... ~ 0s
2023-09-25T10:14:29:   2023-09-25 10:14:29 ................................................... ~ 0s
2023-09-25T10:14:30: 
2023-09-25T10:14:30:    INFO  Server running on [http://192.168.0.199:8888].  
2023-09-25T10:14:30: 
2023-09-25T10:14:30:   Press Ctrl+C to stop the server
2023-09-25T10:14:30: 
2023-09-25T10:14:45: 
2023-09-25T10:14:45:    INFO  Server running on [http://192.168.0.199:8888].  
2023-09-25T10:14:45: 
2023-09-25T10:14:45:   Press Ctrl+C to stop the server
2023-09-25T10:14:45: 
2023-09-25T10:14:46:   2023-09-25 10:14:45
2023-09-25T10:14:46:  ................................................... ~ 0s
2023-09-25T10:14:46:   2023-09-25 10:14:46
2023-09-25T10:14:46:  ................................................... ~ 0s
2023-09-25T10:14:46:   2023-09-25 10:14:46 ................................................... ~ 0s
2023-09-25T10:15:20: 
2023-09-25T10:15:20:    INFO  Server running on [http://192.168.0.199:8888].  
2023-09-25T10:15:20: 
2023-09-25T10:15:20:   Press Ctrl+C to stop the server
2023-09-25T10:15:20: 
2023-09-25T10:15:38: 
2023-09-25T10:15:38:    INFO  Server running on [http://192.168.0.199:8888].  
2023-09-25T10:15:38: 
2023-09-25T10:15:38:   Press Ctrl+C to stop the server
2023-09-25T10:15:38: 
2023-09-25T10:15:42:   2023-09-25 10:15:42
2023-09-25T10:15:42:  ................................................... ~ 0s
2023-09-25T10:15:43: 
2023-09-25T10:15:43:    INFO  Server running on [http://192.168.0.199:8888].  
2023-09-25T10:15:43: 
2023-09-25T10:15:43:   Press Ctrl+C to stop the server
2023-09-25T10:15:43: 
2023-09-25T10:16:01: 
2023-09-25T10:16:01:    INFO  Server running on [http://192.168.0.199:8888].  
2023-09-25T10:16:01: 
2023-09-25T10:16:01:   Press Ctrl+C to stop the server
2023-09-25T10:16:01: 
2023-09-25T10:16:06: 
2023-09-25T10:16:06:    INFO  Server running on [http://192.168.0.199:8888].  
2023-09-25T10:16:06: 
2023-09-25T10:16:06:   Press Ctrl+C to stop the server
2023-09-25T10:16:06: 
2023-09-25T10:16:13: 
2023-09-25T10:16:13:    INFO  Server running on [http://192.168.0.199:8888].  
2023-09-25T10:16:13: 
2023-09-25T10:16:13:   Press Ctrl+C to stop the server
2023-09-25T10:16:13: 
2023-09-25T10:16:14:   2023-09-25 10:16:13
2023-09-25T10:16:14:  ................................................... ~ 1s
2023-09-25T10:16:14:  ................................................... ~ 0s
2023-09-25T10:16:14:   2023-09-25 10:16:14 ................................................... ~ 0s
2023-09-25T10:16:14:   2023-09-25 10:16:14 ................................................... ~ 0s
2023-09-25T10:16:41: 
2023-09-25T10:16:41:    INFO  Server running on [http://192.168.0.199:8888].  
2023-09-25T10:16:41: 
2023-09-25T10:16:41:   Press Ctrl+C to stop the server
2023-09-25T10:16:41: 
2023-09-25T10:17:18: 
2023-09-25T10:17:18:    INFO  Server running on [http://192.168.0.199:8888].  
2023-09-25T10:17:18: 
2023-09-25T10:17:18:   Press Ctrl+C to stop the server
2023-09-25T10:17:18: 
2023-09-25T10:17:22: 
2023-09-25T10:17:22:    INFO  Server running on [http://192.168.0.199:8888].  
2023-09-25T10:17:22: 
2023-09-25T10:17:22:   Press Ctrl+C to stop the server
2023-09-25T10:17:22: 
2023-09-25T10:17:24:   2023-09-25 10:17:23
2023-09-25T10:17:24:  ................................................... ~ 1s
2023-09-25T10:17:24:   2023-09-25 10:17:24
2023-09-25T10:17:24:  ................................................... ~ 0s
2023-09-25T10:17:24:  ................................................... ~ 0s
2023-09-25T10:17:24:   2023-09-25 10:17:24 ................................................... ~ 0s
2023-09-25T10:17:25: 
2023-09-25T10:17:25:    INFO  Server running on [http://192.168.0.199:8888].  
2023-09-25T10:17:25: 
2023-09-25T10:17:25:   Press Ctrl+C to stop the server
2023-09-25T10:17:25: 
2023-09-25T10:17:47: 
2023-09-25T10:17:47:    INFO  Server running on [http://192.168.0.199:8888].  
2023-09-25T10:17:47: 
2023-09-25T10:17:47:   Press Ctrl+C to stop the server
2023-09-25T10:17:47: 
2023-09-25T10:18:09: 
2023-09-25T10:18:09:    INFO  Server running on [http://192.168.0.199:8888].  
2023-09-25T10:18:09: 
2023-09-25T10:18:09:   Press Ctrl+C to stop the server
2023-09-25T10:18:09: 
2023-09-25T10:18:18: 
2023-09-25T10:18:18:    INFO  Server running on [http://192.168.0.199:8888].  
2023-09-25T10:18:18: 
2023-09-25T10:18:18:   Press Ctrl+C to stop the server
2023-09-25T10:18:18: 
2023-09-25T10:18:25: 
2023-09-25T10:18:25:    INFO  Server running on [http://192.168.0.199:8888].  
2023-09-25T10:18:25: 
2023-09-25T10:18:25:   Press Ctrl+C to stop the server
2023-09-25T10:18:25: 
2023-09-25T10:18:32: 
2023-09-25T10:18:32:    INFO  Server running on [http://192.168.0.199:8888].  
2023-09-25T10:18:32: 
2023-09-25T10:18:32:   Press Ctrl+C to stop the server
2023-09-25T10:18:32: 
2023-09-25T10:18:48: 
2023-09-25T10:18:48:    INFO  Server running on [http://192.168.0.199:8888].  
2023-09-25T10:18:48: 
2023-09-25T10:18:48:   Press Ctrl+C to stop the server
2023-09-25T10:18:48: 
2023-09-25T10:18:57: 
2023-09-25T10:18:57:    INFO  Server running on [http://192.168.0.199:8888].  
2023-09-25T10:18:57: 
2023-09-25T10:18:57:   Press Ctrl+C to stop the server
2023-09-25T10:18:57: 
2023-09-25T10:19:10: 
2023-09-25T10:19:10:    INFO  Server running on [http://192.168.0.199:8888].  
2023-09-25T10:19:10: 
2023-09-25T10:19:10:   Press Ctrl+C to stop the server
2023-09-25T10:19:10: 
2023-09-25T10:19:32: 
2023-09-25T10:19:32:    INFO  Server running on [http://192.168.0.199:8888].  
2023-09-25T10:19:32: 
2023-09-25T10:19:32:   Press Ctrl+C to stop the server
2023-09-25T10:19:32: 
2023-09-25T10:19:36: 
2023-09-25T10:19:36:    INFO  Server running on [http://192.168.0.199:8888].  
2023-09-25T10:19:36: 
2023-09-25T10:19:36:   Press Ctrl+C to stop the server
2023-09-25T10:19:36: 
2023-09-25T10:19:40: 
2023-09-25T10:19:40:    INFO  Server running on [http://192.168.0.199:8888].  
2023-09-25T10:19:40: 
2023-09-25T10:19:40:   Press Ctrl+C to stop the server
2023-09-25T10:19:40: 
2023-09-25T10:19:44: 
2023-09-25T10:19:44:    INFO  Server running on [http://192.168.0.199:8888].  
2023-09-25T10:19:44: 
2023-09-25T10:19:44:   Press Ctrl+C to stop the server
2023-09-25T10:19:44: 
2023-09-25T10:20:25: 
2023-09-25T10:20:25:    INFO  Server running on [http://192.168.0.199:8888].  
2023-09-25T10:20:25: 
2023-09-25T10:20:25:   Press Ctrl+C to stop the server
2023-09-25T10:20:25: 
2023-09-25T10:20:49: 
2023-09-25T10:20:49:    INFO  Server running on [http://192.168.0.199:8888].  
2023-09-25T10:20:49: 
2023-09-25T10:20:49:   Press Ctrl+C to stop the server
2023-09-25T10:20:49: 
2023-09-25T10:21:05: 
2023-09-25T10:21:05:    INFO  Server running on [http://192.168.0.199:8888].  
2023-09-25T10:21:05: 
2023-09-25T10:21:05:   Press Ctrl+C to stop the server
2023-09-25T10:21:05: 
2023-09-25T10:21:10: 
2023-09-25T10:21:10:    INFO  Server running on [http://192.168.0.199:8888].  
2023-09-25T10:21:10: 
2023-09-25T10:21:10:   Press Ctrl+C to stop the server
2023-09-25T10:21:10: 
2023-09-25T10:21:13:   2023-09-25 10:21:12
2023-09-25T10:21:13:  ................................................... ~ 0s
2023-09-25T10:21:14: 
2023-09-25T10:21:14:    INFO  Server running on [http://192.168.0.199:8888].  
2023-09-25T10:21:14: 
2023-09-25T10:21:14:   Press Ctrl+C to stop the server
2023-09-25T10:21:14: 
2023-09-25T10:21:14:   2023-09-25 10:21:14
2023-09-25T10:21:14:  ................................................... ~ 0s
2023-09-25T10:21:14:  ~ 0s
2023-09-25T10:21:14:  ~ 0s
2023-09-25T10:22:27: 
2023-09-25T10:22:27:    INFO  Server running on [http://192.168.0.199:8888].  
2023-09-25T10:22:27: 
2023-09-25T10:22:27:   Press Ctrl+C to stop the server
2023-09-25T10:22:27: 
2023-09-25T10:22:28:   2023-09-25 10:22:27 ................................................... ~ 0s
2023-09-25T10:22:41: 
2023-09-25T10:22:41:    INFO  Server running on [http://192.168.0.199:8888].  
2023-09-25T10:22:41: 
2023-09-25T10:22:41:   Press Ctrl+C to stop the server
2023-09-25T10:22:41: 
2023-09-25T10:22:42:   2023-09-25 10:22:42 ................................................... ~ 0s
2023-09-25T10:22:45: 
2023-09-25T10:22:45:    INFO  Server running on [http://192.168.0.199:8888].  
2023-09-25T10:22:45: 
2023-09-25T10:22:45:   Press Ctrl+C to stop the server
2023-09-25T10:22:45: 
2023-09-25T10:23:15: 
2023-09-25T10:23:15:    INFO  Server running on [http://192.168.0.199:8888].  
2023-09-25T10:23:15: 
2023-09-25T10:23:15:   Press Ctrl+C to stop the server
2023-09-25T10:23:15: 
2023-09-25T10:23:28: 
2023-09-25T10:23:28:    INFO  Server running on [http://192.168.0.199:8888].  
2023-09-25T10:23:28: 
2023-09-25T10:23:28:   Press Ctrl+C to stop the server
2023-09-25T10:23:28: 
2023-09-25T10:23:29:   2023-09-25 10:23:29
2023-09-25T10:23:29:  ...................................................
2023-09-25T10:23:29:  ~ 0s
2023-09-25T10:23:30:   2023-09-25 10:23:29
2023-09-25T10:23:30:  ................................................... ~ 0s
2023-09-25T10:23:30:  ...................................................
2023-09-25T10:23:30:  ~ 1s
2023-09-25T10:23:32: 
2023-09-25T10:23:32:    INFO  Server running on [http://192.168.0.199:8888].  
2023-09-25T10:23:32: 
2023-09-25T10:23:32:   Press Ctrl+C to stop the server
2023-09-25T10:23:32: 
2023-09-25T10:23:40: 
2023-09-25T10:23:40:    INFO  Server running on [http://192.168.0.199:8888].  
2023-09-25T10:23:40: 
2023-09-25T10:23:40:   Press Ctrl+C to stop the server
2023-09-25T10:23:40: 
2023-09-25T10:23:46: 
2023-09-25T10:23:46:    INFO  Server running on [http://192.168.0.199:8888].  
2023-09-25T10:23:46: 
2023-09-25T10:23:46:   Press Ctrl+C to stop the server
2023-09-25T10:23:46: 
2023-09-25T10:24:15: 
2023-09-25T10:24:15:    INFO  Server running on [http://192.168.0.199:8888].  
2023-09-25T10:24:15: 
2023-09-25T10:24:15:   Press Ctrl+C to stop the server
2023-09-25T10:24:15: 
2023-09-25T10:24:15:   2023-09-25 10:24:15
2023-09-25T10:24:15:  ................................................... ~ 0s
2023-09-25T10:24:21: 
2023-09-25T10:24:21:    INFO  Server running on [http://192.168.0.199:8888].  
2023-09-25T10:24:21: 
2023-09-25T10:24:21:   Press Ctrl+C to stop the server
2023-09-25T10:24:21: 
2023-09-25T10:24:33: 
2023-09-25T10:24:33:    INFO  Server running on [http://192.168.0.199:8888].  
2023-09-25T10:24:33: 
2023-09-25T10:24:33:   Press Ctrl+C to stop the server
2023-09-25T10:24:33: 
2023-09-25T10:24:33:   2023-09-25 10:24:33
2023-09-25T10:24:33:  ................................................... ~ 0s
2023-09-25T10:24:34:   2023-09-25 10:24:34
2023-09-25T10:24:34:  ................................................... ~ 0s
2023-09-25T10:24:34:  ~ 0s
2023-09-25T10:24:34:   2023-09-25 10:24:34 ................................................... ~ 0s
2023-09-25T10:24:34:   2023-09-25 10:24:34 ................................................... ~ 0s
2023-09-25T10:24:34:   2023-09-25 10:24:34 ................................................... ~ 0s
2023-09-25T10:24:34:   2023-09-25 10:24:34 ................................................... ~ 0s
2023-09-25T10:24:58: 
2023-09-25T10:24:58:    INFO  Server running on [http://192.168.0.199:8888].  
2023-09-25T10:24:58: 
2023-09-25T10:24:58:   Press Ctrl+C to stop the server
2023-09-25T10:24:58: 
2023-09-25T10:24:59:   2023-09-25 10:24:59 ................................................... ~ 0s
2023-09-25T10:24:59:   2023-09-25 10:24:59 ................................................... ~ 0s
2023-09-25T10:24:59:  ................................................... ~ 0s
2023-09-25T10:25:24: 
2023-09-25T10:25:24:    INFO  Server running on [http://192.168.0.199:8888].  
2023-09-25T10:25:24: 
2023-09-25T10:25:24:   Press Ctrl+C to stop the server
2023-09-25T10:25:24: 
2023-09-25T10:25:43: 
2023-09-25T10:25:43:    INFO  Server running on [http://192.168.0.199:8888].  
2023-09-25T10:25:43: 
2023-09-25T10:25:43:   Press Ctrl+C to stop the server
2023-09-25T10:25:43: 
2023-09-25T10:26:03: 
2023-09-25T10:26:03:    INFO  Server running on [http://192.168.0.199:8888].  
2023-09-25T10:26:03: 
2023-09-25T10:26:03:   Press Ctrl+C to stop the server
2023-09-25T10:26:03: 
2023-09-25T10:27:16: 
2023-09-25T10:27:16:    INFO  Server running on [http://192.168.0.199:8888].  
2023-09-25T10:27:16: 
2023-09-25T10:27:16:   Press Ctrl+C to stop the server
2023-09-25T10:27:16: 
2023-09-25T10:29:00: 
2023-09-25T10:29:00:    INFO  Server running on [http://192.168.0.199:8888].  
2023-09-25T10:29:00: 
2023-09-25T10:29:00:   Press Ctrl+C to stop the server
2023-09-25T10:29:00: 
2023-09-25T10:29:38: 
2023-09-25T10:29:38:    INFO  Server running on [http://192.168.0.199:8888].  
2023-09-25T10:29:38: 
2023-09-25T10:29:38:   Press Ctrl+C to stop the server
2023-09-25T10:29:38: 
2023-09-25T10:29:42: 
2023-09-25T10:29:42:    INFO  Server running on [http://192.168.0.199:8888].  
2023-09-25T10:29:42: 
2023-09-25T10:29:42:   Press Ctrl+C to stop the server
2023-09-25T10:29:42: 
2023-09-25T10:29:47: 
2023-09-25T10:29:47:    INFO  Server running on [http://192.168.0.199:8888].  
2023-09-25T10:29:47: 
2023-09-25T10:29:47:   Press Ctrl+C to stop the server
2023-09-25T10:29:47: 
2023-09-25T10:30:58: 
2023-09-25T10:30:58:    INFO  Server running on [http://192.168.0.199:8888].  
2023-09-25T10:30:58: 
2023-09-25T10:30:58:   Press Ctrl+C to stop the server
2023-09-25T10:30:58: 
2023-09-25T10:31:03: 
2023-09-25T10:31:03:    INFO  Server running on [http://192.168.0.199:8888].  
2023-09-25T10:31:03: 
2023-09-25T10:31:03:   Press Ctrl+C to stop the server
2023-09-25T10:31:03: 
2023-09-25T10:31:39: 
2023-09-25T10:31:39:    WARN  Failed to listen on 192.168.0.199:8888 (reason: Cannot assign requested address).  
2023-09-25T10:31:39: 
